# JRE version: OpenJDK Runtime Environment Temurin-17.0.7+7 (17.0.7+7) (build 17.0.7+7)
# Java VM: OpenJDK 64-Bit Server VM Temurin-17.0.7+7 (17.0.7+7, mixed mode, tiered, compressed oops, compressed class ptrs, parallel gc, windows-amd64)
GC Precious Log:
 CPUs: 16 total, 16 available
 Memory: 16276M
 Large Page Support: Disabled
 NUMA Support: Disabled
 Compressed Oops: Enabled (32-bit)
 Alignments: Space 512K, Generation 512K, Heap 2M
 Heap Min Capacity: 100M
 Heap Initial Capacity: 100M
 Heap Max Capacity: 1G
 Pre-touch: Disabled
 Parallel Workers: 13
Heap:
 PSYoungGen      total 6656K, used 2304K [0x00000000eab00000, 0x00000000eb300000, 0x0000000100000000)
  eden space 5120K, 22% used [0x00000000eab00000,0x00000000eac201b8,0x00000000eb000000)
  from space 1536K, 75% used [0x00000000eb000000,0x00000000eb120020,0x00000000eb180000)
  to   space 1536K, 0% used [0x00000000eb180000,0x00000000eb180000,0x00000000eb300000)
 ParOldGen       total 148480K, used 139363K [0x00000000c0000000, 0x00000000c9100000, 0x00000000eab00000)
  object space 148480K, 93% used [0x00000000c0000000,0x00000000c8818e80,0x00000000c9100000)
 Metaspace       used 85577K, committed 86784K, reserved 1179648K
  class space    used 8994K, committed 9536K, reserved 1048576K
GC Heap History (20 events):
Event: 6301.318 GC heap before
{Heap before GC invocations=413 (full 9):
 PSYoungGen      total 6656K, used 5520K [0x00000000eab00000, 0x00000000eb480000, 0x0000000100000000)
  eden space 5120K, 97% used [0x00000000eab00000,0x00000000eafe03e0,0x00000000eb000000)
  from space 1536K, 34% used [0x00000000eb200000,0x00000000eb284010,0x00000000eb380000)
  to   space 1024K, 0% used [0x00000000eb380000,0x00000000eb380000,0x00000000eb480000)
 ParOldGen       total 148480K, used 136410K [0x00000000c0000000, 0x00000000c9100000, 0x00000000eab00000)
  object space 148480K, 91% used [0x00000000c0000000,0x00000000c8536810,0x00000000c9100000)
 Metaspace       used 85389K, committed 86592K, reserved 1179648K
  class space    used 8994K, committed 9536K, reserved 1048576K
}
Event: 6301.319 GC heap after
{Heap after GC invocations=413 (full 9):
 PSYoungGen      total 6144K, used 1007K [0x00000000eab00000, 0x00000000eb480000, 0x0000000100000000)
  eden space 5120K, 0% used [0x00000000eab00000,0x00000000eab00000,0x00000000eb000000)
  from space 1024K, 98% used [0x00000000eb380000,0x00000000eb47be00,0x00000000eb480000)
  to   space 1536K, 0% used [0x00000000eb180000,0x00000000eb180000,0x00000000eb300000)
 ParOldGen       total 148480K, used 136458K [0x00000000c0000000, 0x00000000c9100000, 0x00000000eab00000)
  object space 148480K, 91% used [0x00000000c0000000,0x00000000c8542810,0x00000000c9100000)
 Metaspace       used 85389K, committed 86592K, reserved 1179648K
  class space    used 8994K, committed 9536K, reserved 1048576K
}
Event: 6406.895 GC heap before
{Heap before GC invocations=414 (full 9):
 PSYoungGen      total 6144K, used 6127K [0x00000000eab00000, 0x00000000eb480000, 0x0000000100000000)
  eden space 5120K, 99% used [0x00000000eab00000,0x00000000eaffffe0,0x00000000eb000000)
  from space 1024K, 98% used [0x00000000eb380000,0x00000000eb47be00,0x00000000eb480000)
  to   space 1536K, 0% used [0x00000000eb180000,0x00000000eb180000,0x00000000eb300000)
 ParOldGen       total 148480K, used 136458K [0x00000000c0000000, 0x00000000c9100000, 0x00000000eab00000)
  object space 148480K, 91% used [0x00000000c0000000,0x00000000c8542810,0x00000000c9100000)
 Metaspace       used 85423K, committed 86592K, reserved 1179648K
  class space    used 8994K, committed 9536K, reserved 1048576K
}
Event: 6406.896 GC heap after
{Heap after GC invocations=414 (full 9):
 PSYoungGen      total 6656K, used 400K [0x00000000eab00000, 0x00000000eb400000, 0x0000000100000000)
  eden space 5120K, 0% used [0x00000000eab00000,0x00000000eab00000,0x00000000eb000000)
  from space 1536K, 26% used [0x00000000eb180000,0x00000000eb1e4010,0x00000000eb300000)
  to   space 1024K, 0% used [0x00000000eb300000,0x00000000eb300000,0x00000000eb400000)
 ParOldGen       total 148480K, used 136834K [0x00000000c0000000, 0x00000000c9100000, 0x00000000eab00000)
  object space 148480K, 92% used [0x00000000c0000000,0x00000000c85a0810,0x00000000c9100000)
 Metaspace       used 85423K, committed 86592K, reserved 1179648K
  class space    used 8994K, committed 9536K, reserved 1048576K
}
Event: 6408.013 GC heap before
{Heap before GC invocations=415 (full 9):
 PSYoungGen      total 6656K, used 5520K [0x00000000eab00000, 0x00000000eb400000, 0x0000000100000000)
  eden space 5120K, 100% used [0x00000000eab00000,0x00000000eb000000,0x00000000eb000000)
  from space 1536K, 26% used [0x00000000eb180000,0x00000000eb1e4010,0x00000000eb300000)
  to   space 1024K, 0% used [0x00000000eb300000,0x00000000eb300000,0x00000000eb400000)
 ParOldGen       total 148480K, used 136834K [0x00000000c0000000, 0x00000000c9100000, 0x00000000eab00000)
  object space 148480K, 92% used [0x00000000c0000000,0x00000000c85a0810,0x00000000c9100000)
 Metaspace       used 85440K, committed 86656K, reserved 1179648K
  class space    used 8994K, committed 9536K, reserved 1048576K
}
Event: 6408.014 GC heap after
{Heap after GC invocations=415 (full 9):
 PSYoungGen      total 6144K, used 752K [0x00000000eab00000, 0x00000000eb400000, 0x0000000100000000)
  eden space 5120K, 0% used [0x00000000eab00000,0x00000000eab00000,0x00000000eb000000)
  from space 1024K, 73% used [0x00000000eb300000,0x00000000eb3bc010,0x00000000eb400000)
  to   space 1024K, 0% used [0x00000000eb200000,0x00000000eb200000,0x00000000eb300000)
 ParOldGen       total 148480K, used 136842K [0x00000000c0000000, 0x00000000c9100000, 0x00000000eab00000)
  object space 148480K, 92% used [0x00000000c0000000,0x00000000c85a2810,0x00000000c9100000)
 Metaspace       used 85440K, committed 86656K, reserved 1179648K
  class space    used 8994K, committed 9536K, reserved 1048576K
}
Event: 6408.276 GC heap before
{Heap before GC invocations=416 (full 9):
 PSYoungGen      total 6144K, used 5872K [0x00000000eab00000, 0x00000000eb400000, 0x0000000100000000)
  eden space 5120K, 100% used [0x00000000eab00000,0x00000000eb000000,0x00000000eb000000)
  from space 1024K, 73% used [0x00000000eb300000,0x00000000eb3bc010,0x00000000eb400000)
  to   space 1024K, 0% used [0x00000000eb200000,0x00000000eb200000,0x00000000eb300000)
 ParOldGen       total 148480K, used 136842K [0x00000000c0000000, 0x00000000c9100000, 0x00000000eab00000)
  object space 148480K, 92% used [0x00000000c0000000,0x00000000c85a2810,0x00000000c9100000)
 Metaspace       used 85445K, committed 86656K, reserved 1179648K
  class space    used 8994K, committed 9536K, reserved 1048576K
}
Event: 6408.277 GC heap after
{Heap after GC invocations=416 (full 9):
 PSYoungGen      total 6144K, used 992K [0x00000000eab00000, 0x00000000eb380000, 0x0000000100000000)
  eden space 5120K, 0% used [0x00000000eab00000,0x00000000eab00000,0x00000000eb000000)
  from space 1024K, 96% used [0x00000000eb200000,0x00000000eb2f8020,0x00000000eb300000)
  to   space 512K, 0% used [0x00000000eb300000,0x00000000eb300000,0x00000000eb380000)
 ParOldGen       total 148480K, used 136906K [0x00000000c0000000, 0x00000000c9100000, 0x00000000eab00000)
  object space 148480K, 92% used [0x00000000c0000000,0x00000000c85b2810,0x00000000c9100000)
 Metaspace       used 85445K, committed 86656K, reserved 1179648K
  class space    used 8994K, committed 9536K, reserved 1048576K
}
Event: 6418.761 GC heap before
{Heap before GC invocations=417 (full 9):
 PSYoungGen      total 6144K, used 6112K [0x00000000eab00000, 0x00000000eb380000, 0x0000000100000000)
  eden space 5120K, 100% used [0x00000000eab00000,0x00000000eb000000,0x00000000eb000000)
  from space 1024K, 96% used [0x00000000eb200000,0x00000000eb2f8020,0x00000000eb300000)
  to   space 512K, 0% used [0x00000000eb300000,0x00000000eb300000,0x00000000eb380000)
 ParOldGen       total 148480K, used 136906K [0x00000000c0000000, 0x00000000c9100000, 0x00000000eab00000)
  object space 148480K, 92% used [0x00000000c0000000,0x00000000c85b2810,0x00000000c9100000)
 Metaspace       used 85465K, committed 86656K, reserved 1179648K
  class space    used 8994K, committed 9536K, reserved 1048576K
}
Event: 6418.763 GC heap after
{Heap after GC invocations=417 (full 9):
 PSYoungGen      total 5632K, used 512K [0x00000000eab00000, 0x00000000eb400000, 0x0000000100000000)
  eden space 5120K, 0% used [0x00000000eab00000,0x00000000eab00000,0x00000000eb000000)
  from space 512K, 100% used [0x00000000eb300000,0x00000000eb380000,0x00000000eb380000)
  to   space 2048K, 0% used [0x00000000eb000000,0x00000000eb000000,0x00000000eb200000)
 ParOldGen       total 148480K, used 138115K [0x00000000c0000000, 0x00000000c9100000, 0x00000000eab00000)
  object space 148480K, 93% used [0x00000000c0000000,0x00000000c86e0ce0,0x00000000c9100000)
 Metaspace       used 85465K, committed 86656K, reserved 1179648K
  class space    used 8994K, committed 9536K, reserved 1048576K
}
Event: 6419.017 GC heap before
{Heap before GC invocations=418 (full 9):
 PSYoungGen      total 5632K, used 5632K [0x00000000eab00000, 0x00000000eb400000, 0x0000000100000000)
  eden space 5120K, 100% used [0x00000000eab00000,0x00000000eb000000,0x00000000eb000000)
  from space 512K, 100% used [0x00000000eb300000,0x00000000eb380000,0x00000000eb380000)
  to   space 2048K, 0% used [0x00000000eb000000,0x00000000eb000000,0x00000000eb200000)
 ParOldGen       total 148480K, used 138115K [0x00000000c0000000, 0x00000000c9100000, 0x00000000eab00000)
  object space 148480K, 93% used [0x00000000c0000000,0x00000000c86e0ce0,0x00000000c9100000)
 Metaspace       used 85483K, committed 86656K, reserved 1179648K
  class space    used 8994K, committed 9536K, reserved 1048576K
}
Event: 6419.018 GC heap after
{Heap after GC invocations=418 (full 9):
 PSYoungGen      total 7168K, used 928K [0x00000000eab00000, 0x00000000eb380000, 0x0000000100000000)
  eden space 5120K, 0% used [0x00000000eab00000,0x00000000eab00000,0x00000000eb000000)
  from space 2048K, 45% used [0x00000000eb000000,0x00000000eb0e8020,0x00000000eb200000)
  to   space 1536K, 0% used [0x00000000eb200000,0x00000000eb200000,0x00000000eb380000)
 ParOldGen       total 148480K, used 138520K [0x00000000c0000000, 0x00000000c9100000, 0x00000000eab00000)
  object space 148480K, 93% used [0x00000000c0000000,0x00000000c8746160,0x00000000c9100000)
 Metaspace       used 85483K, committed 86656K, reserved 1179648K
  class space    used 8994K, committed 9536K, reserved 1048576K
}
Event: 6419.169 GC heap before
{Heap before GC invocations=419 (full 9):
 PSYoungGen      total 7168K, used 6047K [0x00000000eab00000, 0x00000000eb380000, 0x0000000100000000)
  eden space 5120K, 99% used [0x00000000eab00000,0x00000000eaffffd8,0x00000000eb000000)
  from space 2048K, 45% used [0x00000000eb000000,0x00000000eb0e8020,0x00000000eb200000)
  to   space 1536K, 0% used [0x00000000eb200000,0x00000000eb200000,0x00000000eb380000)
 ParOldGen       total 148480K, used 138520K [0x00000000c0000000, 0x00000000c9100000, 0x00000000eab00000)
  object space 148480K, 93% used [0x00000000c0000000,0x00000000c8746160,0x00000000c9100000)
 Metaspace       used 85489K, committed 86656K, reserved 1179648K
  class space    used 8994K, committed 9536K, reserved 1048576K
}
Event: 6419.171 GC heap after
{Heap after GC invocations=419 (full 9):
 PSYoungGen      total 6656K, used 1504K [0x00000000eab00000, 0x00000000eb400000, 0x0000000100000000)
  eden space 5120K, 0% used [0x00000000eab00000,0x00000000eab00000,0x00000000eb000000)
  from space 1536K, 97% used [0x00000000eb200000,0x00000000eb378020,0x00000000eb380000)
  to   space 2048K, 0% used [0x00000000eb000000,0x00000000eb000000,0x00000000eb200000)
 ParOldGen       total 148480K, used 138584K [0x00000000c0000000, 0x00000000c9100000, 0x00000000eab00000)
  object space 148480K, 93% used [0x00000000c0000000,0x00000000c8756160,0x00000000c9100000)
 Metaspace       used 85489K, committed 86656K, reserved 1179648K
  class space    used 8994K, committed 9536K, reserved 1048576K
}
Event: 6444.969 GC heap before
{Heap before GC invocations=420 (full 9):
 PSYoungGen      total 6656K, used 6624K [0x00000000eab00000, 0x00000000eb400000, 0x0000000100000000)
  eden space 5120K, 100% used [0x00000000eab00000,0x00000000eb000000,0x00000000eb000000)
  from space 1536K, 97% used [0x00000000eb200000,0x00000000eb378020,0x00000000eb380000)
  to   space 2048K, 0% used [0x00000000eb000000,0x00000000eb000000,0x00000000eb200000)
 ParOldGen       total 148480K, used 138584K [0x00000000c0000000, 0x00000000c9100000, 0x00000000eab00000)
  object space 148480K, 93% used [0x00000000c0000000,0x00000000c8756160,0x00000000c9100000)
 Metaspace       used 85536K, committed 86784K, reserved 1179648K
  class space    used 8994K, committed 9536K, reserved 1048576K
}
Event: 6444.970 GC heap after
{Heap after GC invocations=420 (full 9):
 PSYoungGen      total 6656K, used 1088K [0x00000000eab00000, 0x00000000eb300000, 0x0000000100000000)
  eden space 5120K, 0% used [0x00000000eab00000,0x00000000eab00000,0x00000000eb000000)
  from space 1536K, 70% used [0x00000000eb000000,0x00000000eb110000,0x00000000eb180000)
  to   space 1536K, 0% used [0x00000000eb180000,0x00000000eb180000,0x00000000eb300000)
 ParOldGen       total 148480K, used 139347K [0x00000000c0000000, 0x00000000c9100000, 0x00000000eab00000)
  object space 148480K, 93% used [0x00000000c0000000,0x00000000c8814e80,0x00000000c9100000)
 Metaspace       used 85536K, committed 86784K, reserved 1179648K
  class space    used 8994K, committed 9536K, reserved 1048576K
}
Event: 6561.194 GC heap before
{Heap before GC invocations=421 (full 9):
 PSYoungGen      total 6656K, used 6208K [0x00000000eab00000, 0x00000000eb300000, 0x0000000100000000)
  eden space 5120K, 100% used [0x00000000eab00000,0x00000000eb000000,0x00000000eb000000)
  from space 1536K, 70% used [0x00000000eb000000,0x00000000eb110000,0x00000000eb180000)
  to   space 1536K, 0% used [0x00000000eb180000,0x00000000eb180000,0x00000000eb300000)
 ParOldGen       total 148480K, used 139347K [0x00000000c0000000, 0x00000000c9100000, 0x00000000eab00000)
  object space 148480K, 93% used [0x00000000c0000000,0x00000000c8814e80,0x00000000c9100000)
 Metaspace       used 85550K, committed 86784K, reserved 1179648K
  class space    used 8994K, committed 9536K, reserved 1048576K
}
Event: 6561.196 GC heap after
{Heap after GC invocations=421 (full 9):
 PSYoungGen      total 6656K, used 1168K [0x00000000eab00000, 0x00000000eb300000, 0x0000000100000000)
  eden space 5120K, 0% used [0x00000000eab00000,0x00000000eab00000,0x00000000eb000000)
  from space 1536K, 76% used [0x00000000eb180000,0x00000000eb2a4010,0x00000000eb300000)
  to   space 1536K, 0% used [0x00000000eb000000,0x00000000eb000000,0x00000000eb180000)
 ParOldGen       total 148480K, used 139355K [0x00000000c0000000, 0x00000000c9100000, 0x00000000eab00000)
  object space 148480K, 93% used [0x00000000c0000000,0x00000000c8816e80,0x00000000c9100000)
 Metaspace       used 85550K, committed 86784K, reserved 1179648K
  class space    used 8994K, committed 9536K, reserved 1048576K
}
Event: 6629.062 GC heap before
{Heap before GC invocations=422 (full 9):
 PSYoungGen      total 6656K, used 6288K [0x00000000eab00000, 0x00000000eb300000, 0x0000000100000000)
  eden space 5120K, 99% used [0x00000000eab00000,0x00000000eafffff8,0x00000000eb000000)
  from space 1536K, 76% used [0x00000000eb180000,0x00000000eb2a4010,0x00000000eb300000)
  to   space 1536K, 0% used [0x00000000eb000000,0x00000000eb000000,0x00000000eb180000)
 ParOldGen       total 148480K, used 139355K [0x00000000c0000000, 0x00000000c9100000, 0x00000000eab00000)
  object space 148480K, 93% used [0x00000000c0000000,0x00000000c8816e80,0x00000000c9100000)
 Metaspace       used 85577K, committed 86784K, reserved 1179648K
  class space    used 8994K, committed 9536K, reserved 1048576K
}
Event: 6629.063 GC heap after
{Heap after GC invocations=422 (full 9):
 PSYoungGen      total 6656K, used 1152K [0x00000000eab00000, 0x00000000eb300000, 0x0000000100000000)
  eden space 5120K, 0% used [0x00000000eab00000,0x00000000eab00000,0x00000000eb000000)
  from space 1536K, 75% used [0x00000000eb000000,0x00000000eb120020,0x00000000eb180000)
  to   space 1536K, 0% used [0x00000000eb180000,0x00000000eb180000,0x00000000eb300000)
 ParOldGen       total 148480K, used 139363K [0x00000000c0000000, 0x00000000c9100000, 0x00000000eab00000)
  object space 148480K, 93% used [0x00000000c0000000,0x00000000c8818e80,0x00000000c9100000)
 Metaspace       used 85577K, committed 86784K, reserved 1179648K
  class space    used 8994K, committed 9536K, reserved 1048576K
}

