<?xml version="1.0" encoding="UTF-8"?>
<testsuite xmlns:xsi="http://www.w3.org/2001/XMLSchema-instance" xsi:noNamespaceSchemaLocation="https://maven.apache.org/surefire/maven-surefire-plugin/xsd/surefire-test-report-3.0.xsd" version="3.0" name="com.freelance.pigLatin.PigLatinTest" time="1.839" tests="4" errors="0" skipped="0" failures="0">
  <properties>
[...]
</properties>
  <testcase name="isSentenceValidPositive" classname="com.freelance.pigLatin.PigLatinTest" time="0.262">
    <system-out><![CDATA[This runs before test suite
This runs before each individual test case
Runs after each individual test case
]]></system-out>
  </testcase>
  <testcase name="encodeValidInput" classname="com.freelance.pigLatin.PigLatinTest" time="0.045">
    <system-out><![CDATA[This runs before each individual test case
Runs after each individual test case
]]></system-out>
  </testcase>
  <testcase name="isSentenceValidNegative" classname="com.freelance.pigLatin.PigLatinTest" time="0.005">
    <system-out><![CDATA[This runs before each individual test case
Runs after each individual test case
]]></system-out>
  </testcase>
  <testcase name="convertWord" classname="com.freelance.pigLatin.PigLatinTest" time="0.002">
    <system-out><![CDATA[This runs before each individual test case
Runs after each individual test case
]]></system-out>
  </testcase>
</testsuite>